
🚀 Gogs AI Architect API Server v3
📍 listening on http://localhost:3000
📊 dashboard: http://localhost:3000/dashboard
📖 docs: http://localhost:3000/
💚 health: http://localhost:3000/health

🧹 Rate limiter 정리: 0개 엔트리 제거
🧹 Rate limiter 정리: 1개 엔트리 제거
🧹 Rate limiter 정리: 0개 엔트리 제거
🧹 Rate limiter 정리: 0개 엔트리 제거
🧹 Rate limiter 정리: 0개 엔트리 제거
🧹 Rate limiter 정리: 0개 엔트리 제거
🧹 Rate limiter 정리: 0개 엔트리 제거
🧹 Rate limiter 정리: 0개 엔트리 제거
🧹 Rate limiter 정리: 0개 엔트리 제거
🧹 Rate limiter 정리: 0개 엔트리 제거
🧹 Rate limiter 정리: 0개 엔트리 제거
🧹 Rate limiter 정리: 0개 엔트리 제거
🧹 Rate limiter 정리: 0개 엔트리 제거
🧹 Rate limiter 정리: 0개 엔트리 제거
🧹 Rate limiter 정리: 0개 엔트리 제거
🧹 Rate limiter 정리: 0개 엔트리 제거
🧹 Rate limiter 정리: 0개 엔트리 제거
🧹 Rate limiter 정리: 0개 엔트리 제거
🧹 Rate limiter 정리: 0개 엔트리 제거
🧹 Rate limiter 정리: 0개 엔트리 제거
🧹 Rate limiter 정리: 0개 엔트리 제거
🧹 Rate limiter 정리: 0개 엔트리 제거
🧹 Rate limiter 정리: 0개 엔트리 제거
🧹 Rate limiter 정리: 0개 엔트리 제거
🧹 Rate limiter 정리: 0개 엔트리 제거
🧹 Rate limiter 정리: 0개 엔트리 제거
🧹 Rate limiter 정리: 0개 엔트리 제거
🧹 Rate limiter 정리: 0개 엔트리 제거
🧹 Rate limiter 정리: 0개 엔트리 제거
🧹 Rate limiter 정리: 0개 엔트리 제거
🧹 Rate limiter 정리: 0개 엔트리 제거
🧹 Rate limiter 정리: 0개 엔트리 제거
🧹 Rate limiter 정리: 0개 엔트리 제거
🧹 Rate limiter 정리: 0개 엔트리 제거
🧹 Rate limiter 정리: 0개 엔트리 제거
🧹 Rate limiter 정리: 0개 엔트리 제거
🧹 Rate limiter 정리: 0개 엔트리 제거
🧹 Rate limiter 정리: 0개 엔트리 제거
🧹 Rate limiter 정리: 0개 엔트리 제거
🧹 Rate limiter 정리: 0개 엔트리 제거
🧹 Rate limiter 정리: 0개 엔트리 제거
🧹 Rate limiter 정리: 0개 엔트리 제거
🧹 Rate limiter 정리: 0개 엔트리 제거
🧹 Rate limiter 정리: 0개 엔트리 제거
🧹 Rate limiter 정리: 0개 엔트리 제거
🧹 Rate limiter 정리: 0개 엔트리 제거
🧹 Rate limiter 정리: 0개 엔트리 제거
🧹 Rate limiter 정리: 0개 엔트리 제거
🧹 Rate limiter 정리: 0개 엔트리 제거
🧹 Rate limiter 정리: 0개 엔트리 제거
🧹 Rate limiter 정리: 0개 엔트리 제거
🧹 Rate limiter 정리: 0개 엔트리 제거
🧹 Rate limiter 정리: 0개 엔트리 제거
🧹 Rate limiter 정리: 0개 엔트리 제거
🧹 Rate limiter 정리: 0개 엔트리 제거
🧹 Rate limiter 정리: 0개 엔트리 제거
🧹 Rate limiter 정리: 0개 엔트리 제거
🧹 Rate limiter 정리: 0개 엔트리 제거
🧹 Rate limiter 정리: 0개 엔트리 제거
🧹 Rate limiter 정리: 0개 엔트리 제거
🧹 Rate limiter 정리: 0개 엔트리 제거
🧹 Rate limiter 정리: 0개 엔트리 제거
🧹 Rate limiter 정리: 0개 엔트리 제거
🧹 Rate limiter 정리: 0개 엔트리 제거
🧹 Rate limiter 정리: 0개 엔트리 제거
🧹 Rate limiter 정리: 0개 엔트리 제거
🧹 Rate limiter 정리: 0개 엔트리 제거
🧹 Rate limiter 정리: 0개 엔트리 제거
🧹 Rate limiter 정리: 0개 엔트리 제거
🧹 Rate limiter 정리: 0개 엔트리 제거
